CAGE mapping pipeline for Uppmax
Loading bioinformatics modules

Currently Loaded Modules:
  1) uppmax   2) bioinfo-tools   3) Fastx/0.0.14   4) bowtie/0.12.6
Description
Mapping against PhiX
Splitting by barcodes, quality filtering and trimming
Mapping against rDNA
Mapping against mm10
IN PROGRESS...
CAGE_VRSY_HELA_SPIKE_01P
Mapping to PhiX
Time loading forward index: 00:00:00
Time loading mirror index: 00:00:00
Seeded quality full-index search: 00:06:50
# reads processed: 25263863
# reads with at least one reported alignment: 0 (0.00%)
# reads that failed to align: 25263863 (100.00%)
No alignments
Time searching: 00:06:51
Overall time: 00:06:51
Splitting by barcodes
Quality filtering
Trimming out linkers and echoP15
Mapping to the Human blacklist
Time loading forward index: 00:00:01
Time loading mirror index: 00:00:00
Warning: Exhausted best-first chunk memory for read HWI-ST575:220:C2MMMACXX:3:2210:12681:75060 1:N:0: (patid 18707436); skipping read
Seeded quality full-index search: 00:03:51
# reads processed: 24579170
# reads with at least one reported alignment: 19393 (0.08%)
# reads that failed to align: 24559777 (99.92%)
Reported 19393 alignments to 1 output stream(s)
Time searching: 00:03:58
Overall time: 00:03:58
Mapping to the Yeast blacklist
Time loading forward index: 00:00:00
Time loading mirror index: 00:00:00
Seeded quality full-index search: 00:03:35
# reads processed: 24559777
# reads with at least one reported alignment: 1917 (0.01%)
# reads that failed to align: 24557860 (99.99%)
Reported 1917 alignments to 1 output stream(s)
Time searching: 00:03:36
Overall time: 00:03:36
Mapping to the rDNA
Time loading forward index: 00:00:00
Time loading mirror index: 00:00:00
Seeded quality full-index search: 00:03:33
# reads processed: 24557860
# reads with at least one reported alignment: 710097 (2.89%)
# reads that failed to align: 23847763 (97.11%)
Reported 710097 alignments to 1 output stream(s)
Time searching: 00:03:34
Overall time: 00:03:34
Mapping to the Hg19 reference genome
Time loading forward index: 00:00:11
Time loading mirror index: 00:00:12
Seeded quality full-index search: 00:04:38
# reads processed: 23847763
# reads with at least one reported alignment: 22727024 (95.30%)
# reads that failed to align: 1120739 (4.70%)
Reported 22727024 alignments to 1 output stream(s)
Time searching: 00:05:01
Overall time: 00:05:01
Mapping to the r64 reference genome
Time loading forward index: 00:00:00
Time loading mirror index: 00:00:01
Seeded quality full-index search: 00:08:14
# reads processed: 23847763
# reads with at least one reported alignment: 53570 (0.22%)
# reads that failed to align: 23794193 (99.78%)
Reported 53570 alignments to 1 output stream(s)
Time searching: 00:08:16
Overall time: 00:08:16
